<?xml version="1.0" encoding="UTF-8"?>
<!-- Generated by org.testng.reporters.JUnitXMLReporter -->
<testsuite ignored="5" hostname="INIDC-GEETP" failures="0" tests="1" name="test1" time="0.045" errors="0" timestamp="2022-03-24T13:34:14 IST">
  <testcase classname="seleniumDemo.checktest3" name="checktest31" time="0.01"/>
  <testcase classname="seleniumDemo.checktest3" name="checktest3" time="0.0">
    <ignored/>
  </testcase> <!-- checktest3 -->
  <testcase classname="seleniumDemo.checkTestNg" name="tepst3" time="0.0">
    <ignored/>
  </testcase> <!-- tepst3 -->
  <testcase classname="seleniumDemo.checktest3" name="checktest133" time="0.0">
    <ignored/>
  </testcase> <!-- checktest133 -->
  <testcase classname="seleniumDemo.checkTestNg" name="test2" time="0.0">
    <ignored/>
  </testcase> <!-- test2 -->
  <testcase classname="seleniumDemo.checkTestNg" name="test1" time="0.0">
    <ignored/>
  </testcase> <!-- test1 -->
</testsuite> <!-- test1 -->
